<?xml version="1.0" encoding="UTF-8"?>
<!-- Generated by org.testng.reporters.JUnitReportReporter -->
<testsuite hostname="Desktop" failures="0" tests="1" name="test.Medical" time="33.476" errors="0" timestamp="2020-03-04T21:25:55 EST" skipped="0">
  <testcase classname="test.Medical" name="createPatient" time="33.476"/>
  <system-out/>
</testsuite> <!-- test.Medical -->
